<?xml version="1.0" encoding="UTF-8"?>
<testsuites tests="11" failures="0" disabled="0" errors="0" timestamp="2026-06-19T19:48:47" time="0.112" name="AllTests">
  <testsuite name="LockFreeQueueTest" tests="4" failures="0" disabled="0" errors="0" time="0.111">
    <testcase name="SingleThreadPushPop" status="run" time="0" classname="LockFreeQueueTest" />
    <testcase name="PopFromEmptyFails" status="run" time="0" classname="LockFreeQueueTest" />
    <testcase name="PushToFullFails" status="run" time="0" classname="LockFreeQueueTest" />
    <testcase name="ConcurrentNoLossNoDuplication" status="run" time="0.111" classname="LockFreeQueueTest" />
  </testsuite>
  <testsuite name="FixedObjectPoolTest" tests="4" failures="0" disabled="0" errors="0" time="0">
    <testcase name="AllocateReturnsValid" status="run" time="0" classname="FixedObjectPoolTest" />
    <testcase name="ExhaustionReturnsNullptr" status="run" time="0" classname="FixedObjectPoolTest" />
    <testcase name="DeallocateReturnsToPool" status="run" time="0" classname="FixedObjectPoolTest" />
    <testcase name="AllocatedObjectsAreDistinct" status="run" time="0" classname="FixedObjectPoolTest" />
  </testsuite>
  <testsuite name="ObjectPoolTest" tests="3" failures="0" disabled="0" errors="0" time="0">
    <testcase name="InitialTargetSize" status="run" time="0" classname="ObjectPoolTest" />
    <testcase name="AcquireReturnsValid" status="run" time="0" classname="ObjectPoolTest" />
    <testcase name="ExpandsBelowMin" status="run" time="0" classname="ObjectPoolTest" />
  </testsuite>
</testsuites>
